# JRE version: OpenJDK Runtime Environment (8.0_152-b01) (build 1.8.0_152-release-915-b01)
# Java VM: OpenJDK 64-Bit Server VM (25.152-b01 mixed mode windows-amd64 compressed oops)
Heap:
 PSYoungGen      total 315392K, used 178734K [0x00000000e0000000, 0x0000000100000000, 0x0000000100000000)
  eden space 284672K, 51% used [0x00000000e0000000,0x00000000e908c4e8,0x00000000f1600000)
  from space 30720K, 99% used [0x00000000f8400000,0x00000000fa1ff6f0,0x00000000fa200000)
  to   space 112640K, 0% used [0x00000000f1600000,0x00000000f1600000,0x00000000f8400000)
 ParOldGen       total 321536K, used 254882K [0x00000000a0000000, 0x00000000b3a00000, 0x00000000e0000000)
  object space 321536K, 79% used [0x00000000a0000000,0x00000000af8e8848,0x00000000b3a00000)
 Metaspace       used 81035K, capacity 86728K, committed 86872K, reserved 1124352K
  class space    used 10322K, capacity 11594K, committed 11648K, reserved 1048576K
GC Heap History (10 events):
Event: 548.933 GC heap before
{Heap before GC invocations=20 (full 3):
 PSYoungGen      total 386048K, used 372832K [0x00000000e0000000, 0x00000000fa580000, 0x0000000100000000)
  eden space 363008K, 100% used [0x00000000e0000000,0x00000000f6280000,0x00000000f6280000)
  from space 23040K, 42% used [0x00000000f8f00000,0x00000000f9898060,0x00000000fa580000)
  to   space 34304K, 0% used [0x00000000f6280000,0x00000000f6280000,0x00000000f8400000)
 ParOldGen       total 169984K, used 85068K [0x00000000a0000000, 0x00000000aa600000, 0x00000000e0000000)
  object space 169984K, 50% used [0x00000000a0000000,0x00000000a53131f8,0x00000000aa600000)
 Metaspace       used 72180K, capacity 77182K, committed 77400K, reserved 1116160K
  class space    used 9394K, capacity 10503K, committed 10624K, reserved 1048576K
Event: 548.964 GC heap after
Heap after GC invocations=20 (full 3):
 PSYoungGen      total 383488K, used 33936K [0x00000000e0000000, 0x00000000fa200000, 0x0000000100000000)
  eden space 349184K, 0% used [0x00000000e0000000,0x00000000e0000000,0x00000000f5500000)
  from space 34304K, 98% used [0x00000000f6280000,0x00000000f83a4090,0x00000000f8400000)
  to   space 30720K, 0% used [0x00000000f8400000,0x00000000f8400000,0x00000000fa200000)
 ParOldGen       total 169984K, used 85076K [0x00000000a0000000, 0x00000000aa600000, 0x00000000e0000000)
  object space 169984K, 50% used [0x00000000a0000000,0x00000000a53151f8,0x00000000aa600000)
 Metaspace       used 72180K, capacity 77182K, committed 77400K, reserved 1116160K
  class space    used 9394K, capacity 10503K, committed 10624K, reserved 1048576K
}
Event: 563.481 GC heap before
{Heap before GC invocations=21 (full 3):
 PSYoungGen      total 383488K, used 383120K [0x00000000e0000000, 0x00000000fa200000, 0x0000000100000000)
  eden space 349184K, 100% used [0x00000000e0000000,0x00000000f5500000,0x00000000f5500000)
  from space 34304K, 98% used [0x00000000f6280000,0x00000000f83a4090,0x00000000f8400000)
  to   space 30720K, 0% used [0x00000000f8400000,0x00000000f8400000,0x00000000fa200000)
 ParOldGen       total 169984K, used 85076K [0x00000000a0000000, 0x00000000aa600000, 0x00000000e0000000)
  object space 169984K, 50% used [0x00000000a0000000,0x00000000a53151f8,0x00000000aa600000)
 Metaspace       used 77743K, capacity 82886K, committed 83160K, reserved 1122304K
  class space    used 10015K, capacity 11161K, committed 11264K, reserved 1048576K
Event: 563.552 GC heap after
Heap after GC invocations=21 (full 3):
 PSYoungGen      total 363520K, used 30701K [0x00000000e0000000, 0x00000000fc600000, 0x0000000100000000)
  eden space 332800K, 0% used [0x00000000e0000000,0x00000000e0000000,0x00000000f4500000)
  from space 30720K, 99% used [0x00000000f8400000,0x00000000fa1fb450,0x00000000fa200000)
  to   space 64512K, 0% used [0x00000000f4500000,0x00000000f4500000,0x00000000f8400000)
 ParOldGen       total 169984K, used 145642K [0x00000000a0000000, 0x00000000aa600000, 0x00000000e0000000)
  object space 169984K, 85% used [0x00000000a0000000,0x00000000a8e3abf0,0x00000000aa600000)
 Metaspace       used 77743K, capacity 82886K, committed 83160K, reserved 1122304K
  class space    used 10015K, capacity 11161K, committed 11264K, reserved 1048576K
}
Event: 563.552 GC heap before
{Heap before GC invocations=22 (full 4):
 PSYoungGen      total 363520K, used 30701K [0x00000000e0000000, 0x00000000fc600000, 0x0000000100000000)
  eden space 332800K, 0% used [0x00000000e0000000,0x00000000e0000000,0x00000000f4500000)
  from space 30720K, 99% used [0x00000000f8400000,0x00000000fa1fb450,0x00000000fa200000)
  to   space 64512K, 0% used [0x00000000f4500000,0x00000000f4500000,0x00000000f8400000)
 ParOldGen       total 169984K, used 145642K [0x00000000a0000000, 0x00000000aa600000, 0x00000000e0000000)
  object space 169984K, 85% used [0x00000000a0000000,0x00000000a8e3abf0,0x00000000aa600000)
 Metaspace       used 77743K, capacity 82886K, committed 83160K, reserved 1122304K
  class space    used 10015K, capacity 11161K, committed 11264K, reserved 1048576K
Event: 563.988 GC heap after
Heap after GC invocations=22 (full 4):
 PSYoungGen      total 363520K, used 0K [0x00000000e0000000, 0x00000000fc600000, 0x0000000100000000)
  eden space 332800K, 0% used [0x00000000e0000000,0x00000000e0000000,0x00000000f4500000)
  from space 30720K, 0% used [0x00000000f8400000,0x00000000f8400000,0x00000000fa200000)
  to   space 64512K, 0% used [0x00000000f4500000,0x00000000f4500000,0x00000000f8400000)
 ParOldGen       total 321536K, used 141847K [0x00000000a0000000, 0x00000000b3a00000, 0x00000000e0000000)
  object space 321536K, 44% used [0x00000000a0000000,0x00000000a8a85e68,0x00000000b3a00000)
 Metaspace       used 77743K, capacity 82886K, committed 83160K, reserved 1122304K
  class space    used 10015K, capacity 11161K, committed 11264K, reserved 1048576K
}
Event: 577.911 GC heap before
{Heap before GC invocations=23 (full 4):
 PSYoungGen      total 363520K, used 332800K [0x00000000e0000000, 0x00000000fc600000, 0x0000000100000000)
  eden space 332800K, 100% used [0x00000000e0000000,0x00000000f4500000,0x00000000f4500000)
  from space 30720K, 0% used [0x00000000f8400000,0x00000000f8400000,0x00000000fa200000)
  to   space 64512K, 0% used [0x00000000f4500000,0x00000000f4500000,0x00000000f8400000)
 ParOldGen       total 321536K, used 141847K [0x00000000a0000000, 0x00000000b3a00000, 0x00000000e0000000)
  object space 321536K, 44% used [0x00000000a0000000,0x00000000a8a85e68,0x00000000b3a00000)
 Metaspace       used 79672K, capacity 84992K, committed 85080K, reserved 1122304K
  class space    used 10181K, capacity 11388K, committed 11392K, reserved 1048576K
Event: 577.975 GC heap after
Heap after GC invocations=23 (full 4):
 PSYoungGen      total 397312K, used 64486K [0x00000000e0000000, 0x00000000fc600000, 0x0000000100000000)
  eden space 332800K, 0% used [0x00000000e0000000,0x00000000e0000000,0x00000000f4500000)
  from space 64512K, 99% used [0x00000000f4500000,0x00000000f83f9b80,0x00000000f8400000)
  to   space 30720K, 0% used [0x00000000f8400000,0x00000000f8400000,0x00000000fa200000)
 ParOldGen       total 321536K, used 155094K [0x00000000a0000000, 0x00000000b3a00000, 0x00000000e0000000)
  object space 321536K, 48% used [0x00000000a0000000,0x00000000a9775a58,0x00000000b3a00000)
 Metaspace       used 79672K, capacity 84992K, committed 85080K, reserved 1122304K
  class space    used 10181K, capacity 11388K, committed 11392K, reserved 1048576K
}
Event: 595.236 GC heap before
{Heap before GC invocations=24 (full 4):
 PSYoungGen      total 397312K, used 397286K [0x00000000e0000000, 0x00000000fc600000, 0x0000000100000000)
  eden space 332800K, 100% used [0x00000000e0000000,0x00000000f4500000,0x00000000f4500000)
  from space 64512K, 99% used [0x00000000f4500000,0x00000000f83f9b80,0x00000000f8400000)
  to   space 30720K, 0% used [0x00000000f8400000,0x00000000f8400000,0x00000000fa200000)
 ParOldGen       total 321536K, used 155094K [0x00000000a0000000, 0x00000000b3a00000, 0x00000000e0000000)
  object space 321536K, 48% used [0x00000000a0000000,0x00000000a9775a58,0x00000000b3a00000)
 Metaspace       used 80706K, capacity 86402K, committed 86616K, reserved 1124352K
  class space    used 10295K, capacity 11593K, committed 11648K, reserved 1048576K
Event: 595.337 GC heap after
Heap after GC invocations=24 (full 4):
 PSYoungGen      total 315392K, used 30717K [0x00000000e0000000, 0x0000000100000000, 0x0000000100000000)
  eden space 284672K, 0% used [0x00000000e0000000,0x00000000e0000000,0x00000000f1600000)
  from space 30720K, 99% used [0x00000000f8400000,0x00000000fa1ff6f0,0x00000000fa200000)
  to   space 112640K, 0% used [0x00000000f1600000,0x00000000f1600000,0x00000000f8400000)
 ParOldGen       total 321536K, used 254882K [0x00000000a0000000, 0x00000000b3a00000, 0x00000000e0000000)
  object space 321536K, 79% used [0x00000000a0000000,0x00000000af8e8848,0x00000000b3a00000)
 Metaspace       used 80706K, capacity 86402K, committed 86616K, reserved 1124352K
  class space    used 10295K, capacity 11593K, committed 11648K, reserved 1048576K
}

